!!!!!!!!!!!!!!!"""""""""""""####################################""""""""""""""""
!!!!!!!!!!!!!"""""""""#######################$$$$$$$%'+)%%%$$$$$#####"""""""""""
!!!!!!!!!!!"""""""#######################$$$$$$$$%%%&&(+,)++&%$$$$$$######""""""
!!!!!!!!!"""""#######################$$$$$$$$$$%%%%&')*5:/+('&%%$$$$$$#######"""
!!!!!!!!""""#####################$$$$$$$$$$%%%&&&''),@@@@@@@,'&%%%%%$$$$########
!!!!!!!"""####################$$$$$$$$%%%&'())((())*,@@@@@@/+))('&&&&)'%$$######
!!!!!!""###################$$$$$%%%%%%&&&'+.@@=/<@@@@@@@@@@@@@@@/++@..93%%$#####
!!!!!"################$$$%%%%%%%%%%&&&&'),+2@@@@@@@@@@@@@@@@@@@@@@@@@1(&&%$$####
!!!!"##########$$$$$%%&(-(''''''''''''(*,5@@@@@@@@@@@@@@@@@@@@@@@@@@@@+)-&%$$###
!!!!####$$$$$$$$%%%%%&'(*-@1.+.@-4+))**@@@@@@@@@@@@@@@@@@@@@@@@@@@@@@@4-(&%$$$##
!!!!#$$$$$$$$$%%%%%%'''++.6@@@@@@@@@8/0@@@@@@@@@@@@@@@@@@@@@@@@@@@@@@@@3(%%$$$$#
!!!#$$$$$$$%&&&&''()/-5.5@@@@@@@@@@@@@>@@@@@@@@@@@@@@@@@@@@@@@@@@@@@@@?'&%%$$$$#
!!!(**+/+<523/80/46@@@@@@@@@@@@@@@@@@@@@@@@@@@@@@@@@@@@@@@@@@@@@@@@4+)'&&%%$$$$#
!!!#$$$$$$$%&&&&''().-2.@@@@@@@@@@@@@@?@@@@@@@@@@@@@@@@@@@@@@@@@@@@@@@@'&%%$$$$#
!!!!#$$$$$$$$$%%%%%&'''/,.7@@@@@@@@@;/0@@@@@@@@@@@@@@@@@@@@@@@@@@@@@@@@0'%%$$$$#
!!!!####$$$$$$$$%%%%%&'(*-:2.,/?-5+))**@@@@@@@@@@@@@@@@@@@@@@@@@@@@@@@4+(&%$$$##
!!!!"##########$$$$$%%&(-(''''(''''''((*,4@@@@@@@@@@@@@@@@@@@@@@@@@@@4+).&%$$###
!!!!!"################$$$%%%%%%%%%%&&&&')<,4@@@@@@@@@@@@@@@@@@@@@@@@@/('&%%$####
!!!!!!""##################$$$$$$%%%%%%&&&'*.@@@0@@@@@@@@@@@@@@@@1,,@//9)%%$#####
!!!!!!!"""####################$$$$$$$$%%%&(())((()**-@@@@@@/+)))'&&&')'%$$######
!!!!!!!!""""#####################$$$$$$$$$$%%%&&&''(,@@@@@@@+'&&%%%%%$$$########
!!!!!!!!!"""""#######################$$$$$$$$$$%%%%&')*7@0+('&%%%$$$$$#######"""
!!!!!!!!!!!"""""""######################$$$$$$$$$%%%&&(+-).*&%$$$$$$######""""""
!!!!!!!!!!!!!"""""""""#######################$$$$$$%%'3(%%%$$$$$######""""""""""
!!!!!!!!!!!!!!!""""""""""""#####################################""""""""""""""""
